<?xml version="1.0" encoding="UTF-8"?>
<!-- Generated by org.testng.reporters.JUnitReportReporter -->
<testsuite hostname="DESKTOP-STS6QSQ" failures="0" tests="2" name="com.testCases.TC_CreateInfoDDTTest_4" time="14.129" errors="0" timestamp="2021-09-15T14:42:50 IST" skipped="0">
  <testcase classname="com.testCases.TC_CreateInfoDDTTest_4" name="EnterInfo" time="9.898"/>
  <system-out/>
  <testcase classname="com.testCases.TC_CreateInfoDDTTest_4" name="EnterInfo" time="4.231"/>
  <system-out/>
</testsuite> <!-- com.testCases.TC_CreateInfoDDTTest_4 -->
