<?xml version="1.0" encoding="UTF-8"?>
<!-- Generated by org.testng.reporters.JUnitReportReporter -->
<testsuite hostname="DESKTOP-STS6QSQ" failures="0" tests="1" name="com.testCases.TC_CreateInfoTest_003" time="4.543" errors="0" timestamp="2021-09-15T14:42:50 IST" skipped="0">
  <testcase classname="com.testCases.TC_CreateInfoTest_003" name="crateInfo" time="4.543"/>
  <system-out/>
</testsuite> <!-- com.testCases.TC_CreateInfoTest_003 -->
